{
  "RSpec": {
    "coverage": {
      "/Users/vaeliwen/turing/4module/turing-take-home-mod4/config/environment.rb": {
        "lines": [
          null,
          1,
          null,
          null,
          1
        ]
      },
      "/Users/vaeliwen/turing/4module/turing-take-home-mod4/config/application.rb": {
        "lines": [
          1,
          null,
          1,
          null,
          1,
          1,
          1,
          1,
          1,
          1,
          1,
          1,
          1,
          null,
          null,
          null,
          null,
          1,
          null,
          1,
          1,
          null,
          1,
          null,
          null,
          null,
          null,
          null,
          null,
          null,
          1,
          null,
          null
        ]
      },
      "/Users/vaeliwen/turing/4module/turing-take-home-mod4/config/boot.rb": {
        "lines": [
          1,
          null,
          1,
          1
        ]
      },
      "/Users/vaeliwen/turing/4module/turing-take-home-mod4/config/environments/test.rb": {
        "lines": [
          1,
          null,
          null,
          null,
          null,
          null,
          null,
          1,
          null,
          null,
          null,
          null,
          1,
          null,
          null,
          1,
          1,
          null,
          null,
          null,
          null,
          1,
          1,
          null,
          null,
          1,
          null,
          null,
          1,
          null,
          null,
          1,
          null,
          1,
          null,
          null,
          null,
          null,
          1,
          null,
          null,
          1,
          null,
          null,
          null,
          null
        ]
      },
      "/Users/vaeliwen/turing/4module/turing-take-home-mod4/config/initializers/application_controller_renderer.rb": {
        "lines": [
          null,
          null,
          null,
          null,
          null,
          null,
          null,
          null
        ]
      },
      "/Users/vaeliwen/turing/4module/turing-take-home-mod4/config/initializers/assets.rb": {
        "lines": [
          null,
          null,
          null,
          1,
          null,
          null,
          null,
          null,
          1,
          null,
          null,
          null,
          null,
          null
        ]
      },
      "/Users/vaeliwen/turing/4module/turing-take-home-mod4/config/initializers/backtrace_silencers.rb": {
        "lines": [
          null,
          null,
          null,
          null,
          null,
          null,
          null
        ]
      },
      "/Users/vaeliwen/turing/4module/turing-take-home-mod4/config/initializers/content_security_policy.rb": {
        "lines": [
          null,
          null,
          null,
          null,
          null,
          null,
          null,
          null,
          null,
          null,
          null,
          null,
          null,
          null,
          null,
          null,
          null,
          null,
          null,
          null,
          null,
          null,
          null,
          null,
          null
        ]
      },
      "/Users/vaeliwen/turing/4module/turing-take-home-mod4/config/initializers/cookies_serializer.rb": {
        "lines": [
          null,
          null,
          null,
          null,
          1
        ]
      },
      "/Users/vaeliwen/turing/4module/turing-take-home-mod4/config/initializers/filter_parameter_logging.rb": {
        "lines": [
          null,
          null,
          null,
          1
        ]
      },
      "/Users/vaeliwen/turing/4module/turing-take-home-mod4/config/initializers/inflections.rb": {
        "lines": [
          null,
          null,
          null,
          null,
          null,
          null,
          null,
          null,
          null,
          null,
          null,
          null,
          null,
          null,
          null,
          null
        ]
      },
      "/Users/vaeliwen/turing/4module/turing-take-home-mod4/config/initializers/mime_types.rb": {
        "lines": [
          null,
          null,
          null,
          null
        ]
      },
      "/Users/vaeliwen/turing/4module/turing-take-home-mod4/config/initializers/wrap_parameters.rb": {
        "lines": [
          null,
          null,
          null,
          null,
          null,
          null,
          1,
          1,
          null,
          null,
          null,
          null,
          null,
          null
        ]
      },
      "/Users/vaeliwen/turing/4module/turing-take-home-mod4/spec/factories/customer.rb": {
        "lines": [
          1,
          1,
          3,
          3,
          3,
          3,
          null,
          null
        ]
      },
      "/Users/vaeliwen/turing/4module/turing-take-home-mod4/spec/factories/subscription.rb": {
        "lines": [
          1,
          1,
          1,
          1,
          1,
          1,
          1,
          null,
          null
        ]
      },
      "/Users/vaeliwen/turing/4module/turing-take-home-mod4/spec/factories/tea.rb": {
        "lines": [
          1,
          1,
          1,
          1,
          1,
          1,
          null,
          null
        ]
      },
      "/Users/vaeliwen/turing/4module/turing-take-home-mod4/config/routes.rb": {
        "lines": [
          1,
          null,
          1,
          1,
          1,
          null,
          null,
          null
        ]
      },
      "/Users/vaeliwen/turing/4module/turing-take-home-mod4/app/helpers/application_helper.rb": {
        "lines": [
          1,
          null
        ]
      },
      "/Users/vaeliwen/turing/4module/turing-take-home-mod4/spec/support/api_helpers.rb": {
        "lines": [
          1,
          1,
          4,
          null,
          null
        ]
      },
      "/Users/vaeliwen/turing/4module/turing-take-home-mod4/spec/support/factory_bot.rb": {
        "lines": [
          1,
          1,
          null
        ]
      },
      "/Users/vaeliwen/turing/4module/turing-take-home-mod4/app/models/customer.rb": {
        "lines": [
          1,
          null
        ]
      },
      "/Users/vaeliwen/turing/4module/turing-take-home-mod4/app/models/application_record.rb": {
        "lines": [
          1,
          1,
          null
        ]
      },
      "/Users/vaeliwen/turing/4module/turing-take-home-mod4/app/controllers/api/v1/customers_controller.rb": {
        "lines": [
          1,
          null,
          1,
          2,
          2,
          null,
          null,
          1,
          1,
          2,
          null,
          null
        ]
      },
      "/Users/vaeliwen/turing/4module/turing-take-home-mod4/app/controllers/application_controller.rb": {
        "lines": [
          1,
          null
        ]
      },
      "/Users/vaeliwen/turing/4module/turing-take-home-mod4/app/serializers/customer_serializer.rb": {
        "lines": [
          1,
          1,
          1,
          null
        ]
      }
    },
    "timestamp": 1658948503
  }
}
